<?xml version="1.0" encoding="utf-8" standalone="no"?>
<test-results xmlns:xsi="http://www.w3.org/2001/XMLSchema-instance" xsi:noNamespaceSchemaLocation="nunit_schema_2.5.xsd" name="Pester" total="4" errors="0" failures="0" not-run="0" inconclusive="0" ignored="0" skipped="0" invalid="0" date="2020-08-14" time="21:21:53">
  <environment clr-version="4.0.30319.42000" user-domain="RAANDREE2" cwd="C:\Git\FiJea\DSC" platform="Microsoft Windows 10 Pro for Workstations|C:\WINDOWS|\Device\Harddisk1\Partition4" machine-name="RAANDREE2" nunit-version="2.5.8.0" os-version="10.0.19041" user="randr" />
  <culture-info current-culture="en-US" current-uiculture="en-US" />
  <test-suite type="TestFixture" name="Pester" executed="True" result="Success" success="True" time="0.3213" asserts="0" description="Pester">
    <results>
      <test-suite type="TestFixture" name="C:\Git\FiJea\DSC\Tests\Acceptance\TestMofFiles.Tests.ps1" executed="True" result="Success" success="True" time="0.2915" asserts="0" description="C:\Git\FiJea\DSC\Tests\Acceptance\TestMofFiles.Tests.ps1">
        <results>
          <test-suite type="TestFixture" name="MOF Files" executed="True" result="Success" success="True" time="0.2544" asserts="0" description="MOF Files">
            <results>
              <test-case description="All nodes have a MOF file" name="MOF Files.All nodes have a MOF file" time="0.0299" asserts="0" success="True" result="Success" executed="True" />
              <test-case description="Node 'DSCFile01' should have a MOF file" name="MOF Files.Node 'DSCFile01' should have a MOF file" time="0.0283" asserts="0" success="True" result="Success" executed="True" />
              <test-case description="All nodes have a Meta MOF file" name="MOF Files.All nodes have a Meta MOF file" time="0.0416" asserts="0" success="True" result="Success" executed="True" />
              <test-case description="Node 'DSCFile01' should have a Meta MOF file" name="MOF Files.Node 'DSCFile01' should have a Meta MOF file" time="0.0355" asserts="0" success="True" result="Success" executed="True" />
            </results>
          </test-suite>
        </results>
      </test-suite>
      <test-suite type="TestFixture" name="C:\Git\FiJea\DSC\Tests\ConfigData\ConfigData.Tests.ps1" executed="True" result="Success" success="True" time="0.0298" asserts="0" description="C:\Git\FiJea\DSC\Tests\ConfigData\ConfigData.Tests.ps1">
        <results />
      </test-suite>
    </results>
  </test-suite>
</test-results>