<?xml version="1.0" encoding="utf-8" standalone="no"?>
<test-results xmlns:xsi="http://www.w3.org/2001/XMLSchema-instance" xsi:noNamespaceSchemaLocation="nunit_schema_2.5.xsd" name="Pester" total="4" errors="0" failures="0" not-run="0" inconclusive="0" ignored="0" skipped="0" invalid="0" date="2020-08-14" time="21:21:26">
  <environment clr-version="4.0.30319.42000" user-domain="RAANDREE2" cwd="C:\Git\FiJea\DSC" platform="Microsoft Windows 10 Pro for Workstations|C:\WINDOWS|\Device\Harddisk1\Partition4" machine-name="RAANDREE2" nunit-version="2.5.8.0" os-version="10.0.19041" user="randr" />
  <culture-info current-culture="en-US" current-uiculture="en-US" />
  <test-suite type="TestFixture" name="Pester" executed="True" result="Success" success="True" time="1.7808" asserts="0" description="Pester">
    <results>
      <test-suite type="TestFixture" name="C:\Git\FiJea\DSC\Tests\Acceptance\TestMofFiles.Tests.ps1" executed="True" result="Success" success="True" time="1.1016" asserts="0" description="C:\Git\FiJea\DSC\Tests\Acceptance\TestMofFiles.Tests.ps1">
        <results />
      </test-suite>
      <test-suite type="TestFixture" name="C:\Git\FiJea\DSC\Tests\ConfigData\ConfigData.Tests.ps1" executed="True" result="Success" success="True" time="0.6792" asserts="0" description="C:\Git\FiJea\DSC\Tests\ConfigData\ConfigData.Tests.ps1">
        <results>
          <test-suite type="TestFixture" name="Datum Tree Definition" executed="True" result="Success" success="True" time="0.4411" asserts="0" description="Datum Tree Definition">
            <results>
              <test-case description="Exists in DscConfigData Folder" name="Datum Tree Definition.Exists in DscConfigData Folder" time="0.1053" asserts="0" success="True" result="Success" executed="True" />
              <test-case description="is Valid Yaml" name="Datum Tree Definition.is Valid Yaml" time="0.042" asserts="0" success="True" result="Success" executed="True" />
            </results>
          </test-suite>
          <test-suite type="TestFixture" name="Node Definition Files" executed="True" result="Success" success="True" time="0.1945" asserts="0" description="Node Definition Files">
            <results>
              <test-case description="'C:\Git\FiJea\DSC\DscConfigData\AllNodes\DSCFile01.yml' should not be duplicated" name="Node Definition Files.'C:\Git\FiJea\DSC\DscConfigData\AllNodes\DSCFile01.yml' should not be duplicated" time="0.0113" asserts="0" success="True" result="Success" executed="True" />
              <test-case description="'DSCFile01' has valid yaml" name="Node Definition Files.'DSCFile01' has valid yaml" time="0.061" asserts="0" success="True" result="Success" executed="True" />
            </results>
          </test-suite>
        </results>
      </test-suite>
    </results>
  </test-suite>
</test-results>